0 info it worked if it ends with ok
1 verbose cli [ 'node', '/usr/local/bin/npm', 'install', '-g', 'ios-sim' ]
2 info using npm@1.4.23
3 info using node@v0.10.31
4 verbose cache add [ 'ios-sim', null ]
5 verbose cache add name=undefined spec="ios-sim" args=["ios-sim",null]
6 verbose parsed url { protocol: null,
6 verbose parsed url   slashes: null,
6 verbose parsed url   auth: null,
6 verbose parsed url   host: null,
6 verbose parsed url   port: null,
6 verbose parsed url   hostname: null,
6 verbose parsed url   hash: null,
6 verbose parsed url   search: null,
6 verbose parsed url   query: null,
6 verbose parsed url   pathname: 'ios-sim',
6 verbose parsed url   path: 'ios-sim',
6 verbose parsed url   href: 'ios-sim' }
7 silly lockFile 6af69284-ios-sim ios-sim
8 verbose lock ios-sim /var/root/.npm/6af69284-ios-sim.lock
9 silly lockFile 6af69284-ios-sim ios-sim
10 silly lockFile 6af69284-ios-sim ios-sim
11 verbose addNamed [ 'ios-sim', '' ]
12 verbose addNamed [ null, '*' ]
13 silly lockFile 03dce7cc-ios-sim ios-sim@
14 verbose lock ios-sim@ /var/root/.npm/03dce7cc-ios-sim.lock
15 silly addNameRange { name: 'ios-sim', range: '*', hasData: false }
16 verbose request where is /ios-sim
17 verbose request registry https://registry.npmjs.org/
18 verbose request id 026aa56627217bdc
19 verbose url raw /ios-sim
20 verbose url resolving [ 'https://registry.npmjs.org/', './ios-sim' ]
21 verbose url resolved https://registry.npmjs.org/ios-sim
22 verbose request where is https://registry.npmjs.org/ios-sim
23 info trying registry request attempt 1 at 16:43:05
24 verbose etag "LZQ64UFJSCLICI2NUYOLIGEP"
25 http GET https://registry.npmjs.org/ios-sim
26 http 304 https://registry.npmjs.org/ios-sim
27 silly registry.get cb [ 304,
27 silly registry.get   { date: 'Sat, 18 Apr 2015 19:43:06 GMT',
27 silly registry.get     server: 'Apache',
27 silly registry.get     via: '1.1 varnish',
27 silly registry.get     'last-modified': 'Sat, 18 Apr 2015 19:43:06 GMT',
27 silly registry.get     'cache-control': 'max-age=60',
27 silly registry.get     etag: '"LZQ64UFJSCLICI2NUYOLIGEP"',
27 silly registry.get     age: '0',
27 silly registry.get     'x-served-by': 'cache-atl6220-ATL',
27 silly registry.get     'x-cache': 'MISS',
27 silly registry.get     'x-cache-hits': '0',
27 silly registry.get     'x-timer': 'S1429386186.614939,VS0,VE77',
27 silly registry.get     vary: 'Accept',
27 silly registry.get     'content-length': '0',
27 silly registry.get     'keep-alive': 'timeout=10, max=50',
27 silly registry.get     connection: 'Keep-Alive' } ]
28 verbose etag https://registry.npmjs.org/ios-sim from cache
29 silly addNameRange number 2 { name: 'ios-sim', range: '*', hasData: true }
30 silly addNameRange versions [ 'ios-sim',
30 silly addNameRange   [ '1.8.0',
30 silly addNameRange     '1.8.1',
30 silly addNameRange     '1.8.2',
30 silly addNameRange     '1.9.0',
30 silly addNameRange     '2.0.0',
30 silly addNameRange     '2.0.1',
30 silly addNameRange     '3.0.0',
30 silly addNameRange     '3.1.0',
30 silly addNameRange     '3.1.1',
30 silly addNameRange     '4.0.0',
30 silly addNameRange     '4.0.1' ] ]
31 verbose addNamed [ 'ios-sim', '3.1.1' ]
32 verbose addNamed [ '3.1.1', '3.1.1' ]
33 silly lockFile 022ac800-ios-sim-3-1-1 ios-sim@3.1.1
34 verbose lock ios-sim@3.1.1 /var/root/.npm/022ac800-ios-sim-3-1-1.lock
35 silly lockFile 022ac800-ios-sim-3-1-1 ios-sim@3.1.1
36 silly lockFile 022ac800-ios-sim-3-1-1 ios-sim@3.1.1
37 silly lockFile 03dce7cc-ios-sim ios-sim@
38 silly lockFile 03dce7cc-ios-sim ios-sim@
39 silly resolved [ { name: 'ios-sim',
39 silly resolved     version: '3.1.1',
39 silly resolved     description: 'launch iOS apps into the iOS Simulator from the command line (Xcode 6.0)',
39 silly resolved     main: 'ios-sim',
39 silly resolved     scripts: { preinstall: 'rake build' },
39 silly resolved     bin: { 'ios-sim': 'build/Release/ios-sim' },
39 silly resolved     repository: { type: 'git', url: 'https://github.com/phonegap/ios-sim' },
39 silly resolved     keywords: [ 'ios-sim', 'iOS Simulator' ],
39 silly resolved     author: { name: 'Landon Fuller, Jeff Haynie, Eloy Duran, Shazron Abdullah' },
39 silly resolved     license: 'MIT',
39 silly resolved     gitHead: 'c6ec64397e5fa462f1ea2d4e4fdc123a856618f9',
39 silly resolved     bugs: { url: 'https://github.com/phonegap/ios-sim/issues' },
39 silly resolved     homepage: 'https://github.com/phonegap/ios-sim',
39 silly resolved     _id: 'ios-sim@3.1.1',
39 silly resolved     _shasum: '1129c3fda31b917ef656b8c53fd276392b51c6e8',
39 silly resolved     _from: 'ios-sim@',
39 silly resolved     _npmVersion: '1.4.14',
39 silly resolved     _npmUser: { name: 'shazron', email: 'shazron@gmail.com' },
39 silly resolved     maintainers: [ [Object] ],
39 silly resolved     dist:
39 silly resolved      { shasum: '1129c3fda31b917ef656b8c53fd276392b51c6e8',
39 silly resolved        tarball: 'http://registry.npmjs.org/ios-sim/-/ios-sim-3.1.1.tgz' },
39 silly resolved     directories: {},
39 silly resolved     _resolved: 'https://registry.npmjs.org/ios-sim/-/ios-sim-3.1.1.tgz',
39 silly resolved     readme: 'ERROR: No README data found!' } ]
40 info install ios-sim@3.1.1 into /usr/local/lib
41 info installOne ios-sim@3.1.1
42 verbose lib/node_modules/ios-sim unbuild
43 verbose tar unpack /var/root/.npm/ios-sim/3.1.1/package.tgz
44 silly lockFile 5027580f-r-local-lib-node-modules-ios-sim tar:///usr/local/lib/node_modules/ios-sim
45 verbose lock tar:///usr/local/lib/node_modules/ios-sim /var/root/.npm/5027580f-r-local-lib-node-modules-ios-sim.lock
46 silly lockFile e7dbbd55-ot-npm-ios-sim-3-1-1-package-tgz tar:///var/root/.npm/ios-sim/3.1.1/package.tgz
47 verbose lock tar:///var/root/.npm/ios-sim/3.1.1/package.tgz /var/root/.npm/e7dbbd55-ot-npm-ios-sim-3-1-1-package-tgz.lock
48 silly gunzTarPerm modes [ '755', '644' ]
49 silly gunzTarPerm extractEntry package.json
50 silly gunzTarPerm extractEntry .npmignore
51 silly gunzTarPerm extractEntry README.md
52 silly gunzTarPerm extractEntry LICENSE
53 silly gunzTarPerm extractEntry resources/buildbox/build.sh
54 silly gunzTarPerm extractEntry CoreSimulator/CoreSimulator.h
55 silly gunzTarPerm extractEntry CONTRIBUTING.md
56 silly gunzTarPerm extractEntry Rakefile
57 silly gunzTarPerm extractEntry Source/.npmignore
58 silly gunzTarPerm extractEntry Source/NSString+expandPath.h
59 silly gunzTarPerm extractEntry Source/NSString+expandPath.m
60 silly gunzTarPerm extractEntry Source/iPhoneSimulator.h
61 silly gunzTarPerm extractEntry Source/iPhoneSimulator.m
62 silly gunzTarPerm extractEntry Source/main.m
63 silly gunzTarPerm extractEntry Source/nsprintf.h
64 silly gunzTarPerm extractEntry Source/nsprintf.m
65 silly gunzTarPerm extractEntry Source/version.h
66 silly gunzTarPerm extractEntry ios-sim.xcodeproj/.npmignore
67 silly gunzTarPerm extractEntry ios-sim.xcodeproj/project.pbxproj
68 silly gunzTarPerm extractEntry ios-sim.xcodeproj/xcshareddata/xcschemes/ios-sim.xcscheme
69 silly gunzTarPerm extractEntry ios-sim_Prefix.pch
70 silly gunzTarPerm extractEntry DVTiPhoneSimulatorRemoteClient/DVTiPhoneSimulatorRemoteClient.h
71 silly gunzTarPerm extractEntry README.template.md
72 silly lockFile 5027580f-r-local-lib-node-modules-ios-sim tar:///usr/local/lib/node_modules/ios-sim
73 silly lockFile 5027580f-r-local-lib-node-modules-ios-sim tar:///usr/local/lib/node_modules/ios-sim
74 silly lockFile e7dbbd55-ot-npm-ios-sim-3-1-1-package-tgz tar:///var/root/.npm/ios-sim/3.1.1/package.tgz
75 silly lockFile e7dbbd55-ot-npm-ios-sim-3-1-1-package-tgz tar:///var/root/.npm/ios-sim/3.1.1/package.tgz
76 info preinstall ios-sim@3.1.1
77 verbose unsafe-perm in lifecycle false
78 verbose readDependencies using package.json deps
79 verbose readDependencies using package.json deps
80 silly resolved []
81 verbose about to build /usr/local/lib/node_modules/ios-sim
82 info build /usr/local/lib/node_modules/ios-sim
83 verbose linkStuff [ true,
83 verbose linkStuff   '/usr/local/lib/node_modules',
83 verbose linkStuff   true,
83 verbose linkStuff   '/usr/local/lib/node_modules' ]
84 info linkStuff ios-sim@3.1.1
85 verbose linkBins ios-sim@3.1.1
86 verbose link bins [ { 'ios-sim': 'build/Release/ios-sim' },
86 verbose link bins   '/usr/local/bin',
86 verbose link bins   true ]
87 verbose linkMans ios-sim@3.1.1
88 verbose rebuildBundles ios-sim@3.1.1
89 verbose lib/node_modules/ios-sim unbuild
90 info preuninstall ios-sim@3.1.1
91 info uninstall ios-sim@3.1.1
92 verbose true,/usr/local/lib/node_modules,/usr/local/lib/node_modules unbuild ios-sim@3.1.1
93 verbose /usr/local/bin,[object Object] binRoot
94 error error rolling back Error: Refusing to delete: /usr/local/bin/ios-sim not in /usr/local/lib/node_modules/ios-sim
94 error error rolling back     at clobberFail (/usr/local/lib/node_modules/npm/lib/utils/gently-rm.js:57:12)
94 error error rolling back     at next (/usr/local/lib/node_modules/npm/lib/utils/gently-rm.js:43:14)
94 error error rolling back     at /usr/local/lib/node_modules/npm/lib/utils/gently-rm.js:52:12
94 error error rolling back     at Object.oncomplete (evalmachine.<anonymous>:107:15)
94 error error rolling back  ios-sim@3.1.1 { [Error: Refusing to delete: /usr/local/bin/ios-sim not in /usr/local/lib/node_modules/ios-sim] code: 'EEXIST', path: '/usr/local/bin/ios-sim' }
95 error Refusing to delete: /usr/local/bin/ios-sim not in /usr/local/lib/node_modules/ios-sim
File exists: /usr/local/bin/ios-sim
Move it away, and try again.
96 error System Darwin 14.3.0
97 error command "node" "/usr/local/bin/npm" "install" "-g" "ios-sim"
98 error cwd /Users/brenoqueiroz/Documents/MeetUp/desafio-mobile
99 error node -v v0.10.31
100 error npm -v 1.4.23
101 error path /usr/local/bin/ios-sim
102 error code EEXIST
103 verbose exit [ 1, true ]
